gyp info it worked if it ends with ok
gyp info using node-gyp@7.1.2
gyp info using node@12.15.0 | darwin | x64
gyp info find Python using Python version 3.8.5 found at "/usr/local/bin/python3"
gyp info spawn /usr/local/bin/python3
gyp info spawn args [
gyp info spawn args   '/usr/local/lib/node_modules/npm/node_modules/node-gyp/gyp/gyp_main.py',
gyp info spawn args   'binding.gyp',
gyp info spawn args   '-f',
gyp info spawn args   'make',
gyp info spawn args   '-I',
gyp info spawn args   '/Users/talalzeini/Documents/Projects/Node.js/real-time-chat/node_modules/eiows/build/config.gypi',
gyp info spawn args   '-I',
gyp info spawn args   '/usr/local/lib/node_modules/npm/node_modules/node-gyp/addon.gypi',
gyp info spawn args   '-I',
gyp info spawn args   '/Users/talalzeini/Library/Caches/node-gyp/12.15.0/include/node/common.gypi',
gyp info spawn args   '-Dlibrary=shared_library',
gyp info spawn args   '-Dvisibility=default',
gyp info spawn args   '-Dnode_root_dir=/Users/talalzeini/Library/Caches/node-gyp/12.15.0',
gyp info spawn args   '-Dnode_gyp_dir=/usr/local/lib/node_modules/npm/node_modules/node-gyp',
gyp info spawn args   '-Dnode_lib_file=/Users/talalzeini/Library/Caches/node-gyp/12.15.0/<(target_arch)/node.lib',
gyp info spawn args   '-Dmodule_root_dir=/Users/talalzeini/Documents/Projects/Node.js/real-time-chat/node_modules/eiows',
gyp info spawn args   '-Dnode_engine=v8',
gyp info spawn args   '--depth=.',
gyp info spawn args   '--no-parallel',
gyp info spawn args   '--generator-output',
gyp info spawn args   'build',
gyp info spawn args   '-Goutput_dir=.'
gyp info spawn args ]
gyp info spawn make
gyp info spawn args [ 'BUILDTYPE=Release', '-C', 'build' ]
  CXX(target) Release/obj.target/eiows/nodejs/src/addon.o
In file included from ../nodejs/src/addon.cpp:2:
In file included from ../nodejs/src/addon.h:18:
In file included from ../nodejs/src/node_12.16_headers/tls_wrap.h:27:
In file included from ../nodejs/src/node_12.16_headers/node_crypto.h:30:
In file included from ../nodejs/src/node_12.16_headers/env.h:38:
../nodejs/src/node_12.16_headers/node_options.h:287:18: error: unknown type name 'OptionEnvvarSettings'
                 OptionEnvvarSettings env_setting = kDisallowedInEnvironment);
                 ^
../nodejs/src/node_12.16_headers/node_options.h:291:18: error: unknown type name 'OptionEnvvarSettings'
                 OptionEnvvarSettings env_setting = kDisallowedInEnvironment);
                 ^
../nodejs/src/node_12.16_headers/node_options.h:295:18: error: unknown type name 'OptionEnvvarSettings'
                 OptionEnvvarSettings env_setting = kDisallowedInEnvironment);
                 ^
../nodejs/src/node_12.16_headers/node_options.h:299:18: error: unknown type name 'OptionEnvvarSettings'
                 OptionEnvvarSettings env_setting = kDisallowedInEnvironment);
                 ^
../nodejs/src/node_12.16_headers/node_options.h:303:18: error: unknown type name 'OptionEnvvarSettings'
                 OptionEnvvarSettings env_setting = kDisallowedInEnvironment);
                 ^
../nodejs/src/node_12.16_headers/node_options.h:307:18: error: unknown type name 'OptionEnvvarSettings'
                 OptionEnvvarSettings env_setting = kDisallowedInEnvironment);
                 ^
../nodejs/src/node_12.16_headers/node_options.h:311:18: error: unknown type name 'OptionEnvvarSettings'
                 OptionEnvvarSettings env_setting = kDisallowedInEnvironment);
                 ^
../nodejs/src/node_12.16_headers/node_options.h:315:18: error: unknown type name 'OptionEnvvarSettings'
                 OptionEnvvarSettings env_setting = kDisallowedInEnvironment);
                 ^
../nodejs/src/node_12.16_headers/node_options.h:362:14: error: unknown type name 'OptionEnvvarSettings'
             OptionEnvvarSettings required_env_settings,
             ^
../nodejs/src/node_12.16_headers/node_options.h:408:5: error: unknown type name 'OptionEnvvarSettings'
    OptionEnvvarSettings env_setting;
    ^
../nodejs/src/node_12.16_headers/node_options.h:287:53: error: use of undeclared identifier 'kDisallowedInEnvironment'
                 OptionEnvvarSettings env_setting = kDisallowedInEnvironment);
                                                    ^
../nodejs/src/node_12.16_headers/node_options.h:291:53: error: use of undeclared identifier 'kDisallowedInEnvironment'
                 OptionEnvvarSettings env_setting = kDisallowedInEnvironment);
                                                    ^
../nodejs/src/node_12.16_headers/node_options.h:295:53: error: use of undeclared identifier 'kDisallowedInEnvironment'
                 OptionEnvvarSettings env_setting = kDisallowedInEnvironment);
                                                    ^
../nodejs/src/node_12.16_headers/node_options.h:299:53: error: use of undeclared identifier 'kDisallowedInEnvironment'
                 OptionEnvvarSettings env_setting = kDisallowedInEnvironment);
                                                    ^
../nodejs/src/node_12.16_headers/node_options.h:303:53: error: use of undeclared identifier 'kDisallowedInEnvironment'
                 OptionEnvvarSettings env_setting = kDisallowedInEnvironment);
                                                    ^
../nodejs/src/node_12.16_headers/node_options.h:307:53: error: use of undeclared identifier 'kDisallowedInEnvironment'
                 OptionEnvvarSettings env_setting = kDisallowedInEnvironment);
                                                    ^
../nodejs/src/node_12.16_headers/node_options.h:311:53: error: use of undeclared identifier 'kDisallowedInEnvironment'
                 OptionEnvvarSettings env_setting = kDisallowedInEnvironment);
                                                    ^
../nodejs/src/node_12.16_headers/node_options.h:315:53: error: use of undeclared identifier 'kDisallowedInEnvironment'
                 OptionEnvvarSettings env_setting = kDisallowedInEnvironment);
                                                    ^
../nodejs/src/node_12.16_headers/node_options.h:450:3: error: unknown type name 'OptionEnvvarSettings'
  OptionEnvvarSettings required_env_settings, StringVector* const errors);
  ^
fatal error: too many errors emitted, stopping now [-ferror-limit=]
20 errors generated.
make: *** [Release/obj.target/eiows/nodejs/src/addon.o] Error 1
gyp ERR! build error 
gyp ERR! stack Error: `make` failed with exit code: 2
gyp ERR! stack     at ChildProcess.onExit (/usr/local/lib/node_modules/npm/node_modules/node-gyp/lib/build.js:194:23)
gyp ERR! stack     at ChildProcess.emit (events.js:223:5)
gyp ERR! stack     at Process.ChildProcess._handle.onexit (internal/child_process.js:272:12)
gyp ERR! System Darwin 20.2.0
gyp ERR! command "/usr/local/bin/node" "/usr/local/lib/node_modules/npm/node_modules/node-gyp/bin/node-gyp.js" "rebuild"
gyp ERR! cwd /Users/talalzeini/Documents/Projects/Node.js/real-time-chat/node_modules/eiows
gyp ERR! node -v v12.15.0
gyp ERR! node-gyp -v v7.1.2
gyp ERR! not ok 
